**********************
Windows PowerShell transcript start
Start time: 20260718005355
Username: AzureAD\PratikThakur
RunAs User: AzureAD\PratikThakur
Configuration Name: 
Machine: ADT-PF5YR9J0 (Microsoft Windows NT 10.0.26200.0)
Host Application: C:\Windows\System32\WindowsPowerShell\v1.0\powershell.exe -noexit -command try { . "c:\Users\PratikThakur\AppData\Local\Programs\Microsoft VS Code\fc3def6774\resources\app\out\vs\workbench\contrib\terminal\common\scripts\shellIntegration.ps1" } catch {}
Process ID: 48284
PSVersion: 5.1.26100.8655
PSEdition: Desktop
PSCompatibleVersions: 1.0, 2.0, 3.0, 4.0, 5.0, 5.1.26100.8655
BuildVersion: 10.0.26100.8655
CLRVersion: 4.0.30319.42000
WSManStackVersion: 3.0
PSRemotingProtocolVersion: 2.3
SerializationVersion: 1.1.0.1
**********************
==================================================================
  DecisionDNA - Docker launcher (Windows)
  2026-07-18 00:53:55
==================================================================

==> 1/6  Preflight checks
    [OK]   docker found: Docker version 29.5.3, build d1c06ef
    [OK]   compose found: Docker Compose version v5.1.4
    [OK]   Docker daemon is running
    [OK]   docker-compose.yml found

==> 2/6  Corporate TLS CA (corp-ca.crt in each build context)
    [OK]   corp-ca.crt already present in all 7 build contexts

==> 3/6  Environment file (.env)
    [OK]   .env found
    [OK]   API keys appear to be filled in

==> 4/6  Host port check
    [WARN] Port 6379 (Redis) is already in use.
    [WARN]   -> set REDIS_HOST_PORT=<free port> in .env, then re-run.
